Start testing: Jul 03 13:56 CEST
----------------------------------------------------------
1/81 Testing: test_comb_constructive1
1/81 Test: test_comb_constructive1
Command: "/Users/ccpasteur/Documents/work/git/these/exemples/EsteRML/test/run_test" "-k" "good/constructive1.strl"
Directory: /Users/ccpasteur/Documents/work/git/these/exemples/EsteRML/test
"test_comb_constructive1" start time: Jul 03 13:56 CEST
Output:
----------------------------------------------------------
<end of output>
Test time =   0.01 sec
----------------------------------------------------------
Test Passed.
"test_comb_constructive1" end time: Jul 03 13:56 CEST
"test_comb_constructive1" time elapsed: 00:00:00
----------------------------------------------------------

2/81 Testing: test_comb_nodo_constructive1
2/81 Test: test_comb_nodo_constructive1
Command: "/Users/ccpasteur/Documents/work/git/these/exemples/EsteRML/test/run_test" "-kn" "good/constructive1.strl"
Directory: /Users/ccpasteur/Documents/work/git/these/exemples/EsteRML/test
"test_comb_nodo_constructive1" start time: Jul 03 13:56 CEST
Output:
----------------------------------------------------------
<end of output>
Test time =   0.01 sec
----------------------------------------------------------
Test Passed.
"test_comb_nodo_constructive1" end time: Jul 03 13:56 CEST
"test_comb_nodo_constructive1" time elapsed: 00:00:00
----------------------------------------------------------

3/81 Testing: test_comb_returnconstructive1
3/81 Test: test_comb_returnconstructive1
Command: "/Users/ccpasteur/Documents/work/git/these/exemples/EsteRML/test/run_test" "-kc" "good/constructive1.strl"
Directory: /Users/ccpasteur/Documents/work/git/these/exemples/EsteRML/test
"test_comb_returnconstructive1" start time: Jul 03 13:56 CEST
Output:
----------------------------------------------------------
<end of output>
Test time =   0.01 sec
----------------------------------------------------------
Test Passed.
"test_comb_returnconstructive1" end time: Jul 03 13:56 CEST
"test_comb_returnconstructive1" time elapsed: 00:00:00
----------------------------------------------------------

4/81 Testing: test_comb_loop0
4/81 Test: test_comb_loop0
Command: "/Users/ccpasteur/Documents/work/git/these/exemples/EsteRML/test/run_test" "-k" "good/loop0.strl"
Directory: /Users/ccpasteur/Documents/work/git/these/exemples/EsteRML/test
"test_comb_loop0" start time: Jul 03 13:56 CEST
Output:
----------------------------------------------------------
<end of output>
Test time =   0.01 sec
----------------------------------------------------------
Test Passed.
"test_comb_loop0" end time: Jul 03 13:56 CEST
"test_comb_loop0" time elapsed: 00:00:00
----------------------------------------------------------

5/81 Testing: test_comb_nodo_loop0
5/81 Test: test_comb_nodo_loop0
Command: "/Users/ccpasteur/Documents/work/git/these/exemples/EsteRML/test/run_test" "-kn" "good/loop0.strl"
Directory: /Users/ccpasteur/Documents/work/git/these/exemples/EsteRML/test
"test_comb_nodo_loop0" start time: Jul 03 13:56 CEST
Output:
----------------------------------------------------------
<end of output>
Test time =   0.01 sec
----------------------------------------------------------
Test Passed.
"test_comb_nodo_loop0" end time: Jul 03 13:56 CEST
"test_comb_nodo_loop0" time elapsed: 00:00:00
----------------------------------------------------------

6/81 Testing: test_comb_returnloop0
6/81 Test: test_comb_returnloop0
Command: "/Users/ccpasteur/Documents/work/git/these/exemples/EsteRML/test/run_test" "-kc" "good/loop0.strl"
Directory: /Users/ccpasteur/Documents/work/git/these/exemples/EsteRML/test
"test_comb_returnloop0" start time: Jul 03 13:56 CEST
Output:
----------------------------------------------------------
<end of output>
Test time =   0.01 sec
----------------------------------------------------------
Test Passed.
"test_comb_returnloop0" end time: Jul 03 13:56 CEST
"test_comb_returnloop0" time elapsed: 00:00:00
----------------------------------------------------------

7/81 Testing: test_comb_loop1
7/81 Test: test_comb_loop1
Command: "/Users/ccpasteur/Documents/work/git/these/exemples/EsteRML/test/run_test" "-k" "good/loop1.strl"
Directory: /Users/ccpasteur/Documents/work/git/these/exemples/EsteRML/test
"test_comb_loop1" start time: Jul 03 13:56 CEST
Output:
----------------------------------------------------------
<end of output>
Test time =   0.01 sec
----------------------------------------------------------
Test Passed.
"test_comb_loop1" end time: Jul 03 13:56 CEST
"test_comb_loop1" time elapsed: 00:00:00
----------------------------------------------------------

8/81 Testing: test_comb_nodo_loop1
8/81 Test: test_comb_nodo_loop1
Command: "/Users/ccpasteur/Documents/work/git/these/exemples/EsteRML/test/run_test" "-kn" "good/loop1.strl"
Directory: /Users/ccpasteur/Documents/work/git/these/exemples/EsteRML/test
"test_comb_nodo_loop1" start time: Jul 03 13:56 CEST
Output:
----------------------------------------------------------
<end of output>
Test time =   0.01 sec
----------------------------------------------------------
Test Passed.
"test_comb_nodo_loop1" end time: Jul 03 13:56 CEST
"test_comb_nodo_loop1" time elapsed: 00:00:00
----------------------------------------------------------

9/81 Testing: test_comb_returnloop1
9/81 Test: test_comb_returnloop1
Command: "/Users/ccpasteur/Documents/work/git/these/exemples/EsteRML/test/run_test" "-kc" "good/loop1.strl"
Directory: /Users/ccpasteur/Documents/work/git/these/exemples/EsteRML/test
"test_comb_returnloop1" start time: Jul 03 13:56 CEST
Output:
----------------------------------------------------------
<end of output>
Test time =   0.01 sec
----------------------------------------------------------
Test Passed.
"test_comb_returnloop1" end time: Jul 03 13:56 CEST
"test_comb_returnloop1" time elapsed: 00:00:00
----------------------------------------------------------

10/81 Testing: test_comb_loop2
10/81 Test: test_comb_loop2
Command: "/Users/ccpasteur/Documents/work/git/these/exemples/EsteRML/test/run_test" "-k" "good/loop2.strl"
Directory: /Users/ccpasteur/Documents/work/git/these/exemples/EsteRML/test
"test_comb_loop2" start time: Jul 03 13:56 CEST
Output:
----------------------------------------------------------
<end of output>
Test time =   0.01 sec
----------------------------------------------------------
Test Passed.
"test_comb_loop2" end time: Jul 03 13:56 CEST
"test_comb_loop2" time elapsed: 00:00:00
----------------------------------------------------------

11/81 Testing: test_comb_nodo_loop2
11/81 Test: test_comb_nodo_loop2
Command: "/Users/ccpasteur/Documents/work/git/these/exemples/EsteRML/test/run_test" "-kn" "good/loop2.strl"
Directory: /Users/ccpasteur/Documents/work/git/these/exemples/EsteRML/test
"test_comb_nodo_loop2" start time: Jul 03 13:56 CEST
Output:
----------------------------------------------------------
<end of output>
Test time =   0.01 sec
----------------------------------------------------------
Test Passed.
"test_comb_nodo_loop2" end time: Jul 03 13:56 CEST
"test_comb_nodo_loop2" time elapsed: 00:00:00
----------------------------------------------------------

12/81 Testing: test_comb_returnloop2
12/81 Test: test_comb_returnloop2
Command: "/Users/ccpasteur/Documents/work/git/these/exemples/EsteRML/test/run_test" "-kc" "good/loop2.strl"
Directory: /Users/ccpasteur/Documents/work/git/these/exemples/EsteRML/test
"test_comb_returnloop2" start time: Jul 03 13:56 CEST
Output:
----------------------------------------------------------
<end of output>
Test time =   0.01 sec
----------------------------------------------------------
Test Passed.
"test_comb_returnloop2" end time: Jul 03 13:56 CEST
"test_comb_returnloop2" time elapsed: 00:00:00
----------------------------------------------------------

13/81 Testing: test_comb_loop3
13/81 Test: test_comb_loop3
Command: "/Users/ccpasteur/Documents/work/git/these/exemples/EsteRML/test/run_test" "-k" "good/loop3.strl"
Directory: /Users/ccpasteur/Documents/work/git/these/exemples/EsteRML/test
"test_comb_loop3" start time: Jul 03 13:56 CEST
Output:
----------------------------------------------------------
<end of output>
Test time =   0.02 sec
----------------------------------------------------------
Test Passed.
"test_comb_loop3" end time: Jul 03 13:56 CEST
"test_comb_loop3" time elapsed: 00:00:00
----------------------------------------------------------

14/81 Testing: test_comb_nodo_loop3
14/81 Test: test_comb_nodo_loop3
Command: "/Users/ccpasteur/Documents/work/git/these/exemples/EsteRML/test/run_test" "-kn" "good/loop3.strl"
Directory: /Users/ccpasteur/Documents/work/git/these/exemples/EsteRML/test
"test_comb_nodo_loop3" start time: Jul 03 13:56 CEST
Output:
----------------------------------------------------------
<end of output>
Test time =   0.01 sec
----------------------------------------------------------
Test Passed.
"test_comb_nodo_loop3" end time: Jul 03 13:56 CEST
"test_comb_nodo_loop3" time elapsed: 00:00:00
----------------------------------------------------------

15/81 Testing: test_comb_returnloop3
15/81 Test: test_comb_returnloop3
Command: "/Users/ccpasteur/Documents/work/git/these/exemples/EsteRML/test/run_test" "-kc" "good/loop3.strl"
Directory: /Users/ccpasteur/Documents/work/git/these/exemples/EsteRML/test
"test_comb_returnloop3" start time: Jul 03 13:56 CEST
Output:
----------------------------------------------------------
<end of output>
Test time =   0.01 sec
----------------------------------------------------------
Test Passed.
"test_comb_returnloop3" end time: Jul 03 13:56 CEST
"test_comb_returnloop3" time elapsed: 00:00:00
----------------------------------------------------------

16/81 Testing: test_comb_t0
16/81 Test: test_comb_t0
Command: "/Users/ccpasteur/Documents/work/git/these/exemples/EsteRML/test/run_test" "-k" "good/t0.strl"
Directory: /Users/ccpasteur/Documents/work/git/these/exemples/EsteRML/test
"test_comb_t0" start time: Jul 03 13:56 CEST
Output:
----------------------------------------------------------
<end of output>
Test time =   0.01 sec
----------------------------------------------------------
Test Passed.
"test_comb_t0" end time: Jul 03 13:56 CEST
"test_comb_t0" time elapsed: 00:00:00
----------------------------------------------------------

17/81 Testing: test_comb_nodo_t0
17/81 Test: test_comb_nodo_t0
Command: "/Users/ccpasteur/Documents/work/git/these/exemples/EsteRML/test/run_test" "-kn" "good/t0.strl"
Directory: /Users/ccpasteur/Documents/work/git/these/exemples/EsteRML/test
"test_comb_nodo_t0" start time: Jul 03 13:56 CEST
Output:
----------------------------------------------------------
<end of output>
Test time =   0.01 sec
----------------------------------------------------------
Test Passed.
"test_comb_nodo_t0" end time: Jul 03 13:56 CEST
"test_comb_nodo_t0" time elapsed: 00:00:00
----------------------------------------------------------

18/81 Testing: test_comb_returnt0
18/81 Test: test_comb_returnt0
Command: "/Users/ccpasteur/Documents/work/git/these/exemples/EsteRML/test/run_test" "-kc" "good/t0.strl"
Directory: /Users/ccpasteur/Documents/work/git/these/exemples/EsteRML/test
"test_comb_returnt0" start time: Jul 03 13:56 CEST
Output:
----------------------------------------------------------
<end of output>
Test time =   0.01 sec
----------------------------------------------------------
Test Passed.
"test_comb_returnt0" end time: Jul 03 13:56 CEST
"test_comb_returnt0" time elapsed: 00:00:00
----------------------------------------------------------

19/81 Testing: test_comb_t1
19/81 Test: test_comb_t1
Command: "/Users/ccpasteur/Documents/work/git/these/exemples/EsteRML/test/run_test" "-k" "good/t1.strl"
Directory: /Users/ccpasteur/Documents/work/git/these/exemples/EsteRML/test
"test_comb_t1" start time: Jul 03 13:56 CEST
Output:
----------------------------------------------------------
<end of output>
Test time =   0.01 sec
----------------------------------------------------------
Test Passed.
"test_comb_t1" end time: Jul 03 13:56 CEST
"test_comb_t1" time elapsed: 00:00:00
----------------------------------------------------------

20/81 Testing: test_comb_nodo_t1
20/81 Test: test_comb_nodo_t1
Command: "/Users/ccpasteur/Documents/work/git/these/exemples/EsteRML/test/run_test" "-kn" "good/t1.strl"
Directory: /Users/ccpasteur/Documents/work/git/these/exemples/EsteRML/test
"test_comb_nodo_t1" start time: Jul 03 13:56 CEST
Output:
----------------------------------------------------------
<end of output>
Test time =   0.01 sec
----------------------------------------------------------
Test Passed.
"test_comb_nodo_t1" end time: Jul 03 13:56 CEST
"test_comb_nodo_t1" time elapsed: 00:00:00
----------------------------------------------------------

21/81 Testing: test_comb_returnt1
21/81 Test: test_comb_returnt1
Command: "/Users/ccpasteur/Documents/work/git/these/exemples/EsteRML/test/run_test" "-kc" "good/t1.strl"
Directory: /Users/ccpasteur/Documents/work/git/these/exemples/EsteRML/test
"test_comb_returnt1" start time: Jul 03 13:56 CEST
Output:
----------------------------------------------------------
<end of output>
Test time =   0.01 sec
----------------------------------------------------------
Test Passed.
"test_comb_returnt1" end time: Jul 03 13:56 CEST
"test_comb_returnt1" time elapsed: 00:00:00
----------------------------------------------------------

22/81 Testing: test_comb_t10
22/81 Test: test_comb_t10
Command: "/Users/ccpasteur/Documents/work/git/these/exemples/EsteRML/test/run_test" "-k" "good/t10.strl"
Directory: /Users/ccpasteur/Documents/work/git/these/exemples/EsteRML/test
"test_comb_t10" start time: Jul 03 13:56 CEST
Output:
----------------------------------------------------------
<end of output>
Test time =   0.01 sec
----------------------------------------------------------
Test Passed.
"test_comb_t10" end time: Jul 03 13:56 CEST
"test_comb_t10" time elapsed: 00:00:00
----------------------------------------------------------

23/81 Testing: test_comb_nodo_t10
23/81 Test: test_comb_nodo_t10
Command: "/Users/ccpasteur/Documents/work/git/these/exemples/EsteRML/test/run_test" "-kn" "good/t10.strl"
Directory: /Users/ccpasteur/Documents/work/git/these/exemples/EsteRML/test
"test_comb_nodo_t10" start time: Jul 03 13:56 CEST
Output:
----------------------------------------------------------
<end of output>
Test time =   0.01 sec
----------------------------------------------------------
Test Passed.
"test_comb_nodo_t10" end time: Jul 03 13:56 CEST
"test_comb_nodo_t10" time elapsed: 00:00:00
----------------------------------------------------------

24/81 Testing: test_comb_returnt10
24/81 Test: test_comb_returnt10
Command: "/Users/ccpasteur/Documents/work/git/these/exemples/EsteRML/test/run_test" "-kc" "good/t10.strl"
Directory: /Users/ccpasteur/Documents/work/git/these/exemples/EsteRML/test
"test_comb_returnt10" start time: Jul 03 13:56 CEST
Output:
----------------------------------------------------------
<end of output>
Test time =   0.01 sec
----------------------------------------------------------
Test Passed.
"test_comb_returnt10" end time: Jul 03 13:56 CEST
"test_comb_returnt10" time elapsed: 00:00:00
----------------------------------------------------------

25/81 Testing: test_comb_t11
25/81 Test: test_comb_t11
Command: "/Users/ccpasteur/Documents/work/git/these/exemples/EsteRML/test/run_test" "-k" "good/t11.strl"
Directory: /Users/ccpasteur/Documents/work/git/these/exemples/EsteRML/test
"test_comb_t11" start time: Jul 03 13:56 CEST
Output:
----------------------------------------------------------
<end of output>
Test time =   0.01 sec
----------------------------------------------------------
Test Passed.
"test_comb_t11" end time: Jul 03 13:56 CEST
"test_comb_t11" time elapsed: 00:00:00
----------------------------------------------------------

26/81 Testing: test_comb_nodo_t11
26/81 Test: test_comb_nodo_t11
Command: "/Users/ccpasteur/Documents/work/git/these/exemples/EsteRML/test/run_test" "-kn" "good/t11.strl"
Directory: /Users/ccpasteur/Documents/work/git/these/exemples/EsteRML/test
"test_comb_nodo_t11" start time: Jul 03 13:56 CEST
Output:
----------------------------------------------------------
<end of output>
Test time =   0.01 sec
----------------------------------------------------------
Test Passed.
"test_comb_nodo_t11" end time: Jul 03 13:56 CEST
"test_comb_nodo_t11" time elapsed: 00:00:00
----------------------------------------------------------

27/81 Testing: test_comb_returnt11
27/81 Test: test_comb_returnt11
Command: "/Users/ccpasteur/Documents/work/git/these/exemples/EsteRML/test/run_test" "-kc" "good/t11.strl"
Directory: /Users/ccpasteur/Documents/work/git/these/exemples/EsteRML/test
"test_comb_returnt11" start time: Jul 03 13:56 CEST
Output:
----------------------------------------------------------
<end of output>
Test time =   0.01 sec
----------------------------------------------------------
Test Passed.
"test_comb_returnt11" end time: Jul 03 13:56 CEST
"test_comb_returnt11" time elapsed: 00:00:00
----------------------------------------------------------

28/81 Testing: test_comb_t12
28/81 Test: test_comb_t12
Command: "/Users/ccpasteur/Documents/work/git/these/exemples/EsteRML/test/run_test" "-k" "good/t12.strl"
Directory: /Users/ccpasteur/Documents/work/git/these/exemples/EsteRML/test
"test_comb_t12" start time: Jul 03 13:56 CEST
Output:
----------------------------------------------------------
<end of output>
Test time =   0.01 sec
----------------------------------------------------------
Test Passed.
"test_comb_t12" end time: Jul 03 13:56 CEST
"test_comb_t12" time elapsed: 00:00:00
----------------------------------------------------------

29/81 Testing: test_comb_nodo_t12
29/81 Test: test_comb_nodo_t12
Command: "/Users/ccpasteur/Documents/work/git/these/exemples/EsteRML/test/run_test" "-kn" "good/t12.strl"
Directory: /Users/ccpasteur/Documents/work/git/these/exemples/EsteRML/test
"test_comb_nodo_t12" start time: Jul 03 13:56 CEST
Output:
----------------------------------------------------------
<end of output>
Test time =   0.01 sec
----------------------------------------------------------
Test Passed.
"test_comb_nodo_t12" end time: Jul 03 13:56 CEST
"test_comb_nodo_t12" time elapsed: 00:00:00
----------------------------------------------------------

30/81 Testing: test_comb_returnt12
30/81 Test: test_comb_returnt12
Command: "/Users/ccpasteur/Documents/work/git/these/exemples/EsteRML/test/run_test" "-kc" "good/t12.strl"
Directory: /Users/ccpasteur/Documents/work/git/these/exemples/EsteRML/test
"test_comb_returnt12" start time: Jul 03 13:56 CEST
Output:
----------------------------------------------------------
<end of output>
Test time =   0.01 sec
----------------------------------------------------------
Test Passed.
"test_comb_returnt12" end time: Jul 03 13:56 CEST
"test_comb_returnt12" time elapsed: 00:00:00
----------------------------------------------------------

31/81 Testing: test_comb_t2
31/81 Test: test_comb_t2
Command: "/Users/ccpasteur/Documents/work/git/these/exemples/EsteRML/test/run_test" "-k" "good/t2.strl"
Directory: /Users/ccpasteur/Documents/work/git/these/exemples/EsteRML/test
"test_comb_t2" start time: Jul 03 13:56 CEST
Output:
----------------------------------------------------------
<end of output>
Test time =   0.01 sec
----------------------------------------------------------
Test Passed.
"test_comb_t2" end time: Jul 03 13:56 CEST
"test_comb_t2" time elapsed: 00:00:00
----------------------------------------------------------

32/81 Testing: test_comb_nodo_t2
32/81 Test: test_comb_nodo_t2
Command: "/Users/ccpasteur/Documents/work/git/these/exemples/EsteRML/test/run_test" "-kn" "good/t2.strl"
Directory: /Users/ccpasteur/Documents/work/git/these/exemples/EsteRML/test
"test_comb_nodo_t2" start time: Jul 03 13:56 CEST
Output:
----------------------------------------------------------
<end of output>
Test time =   0.01 sec
----------------------------------------------------------
Test Passed.
"test_comb_nodo_t2" end time: Jul 03 13:56 CEST
"test_comb_nodo_t2" time elapsed: 00:00:00
----------------------------------------------------------

33/81 Testing: test_comb_returnt2
33/81 Test: test_comb_returnt2
Command: "/Users/ccpasteur/Documents/work/git/these/exemples/EsteRML/test/run_test" "-kc" "good/t2.strl"
Directory: /Users/ccpasteur/Documents/work/git/these/exemples/EsteRML/test
"test_comb_returnt2" start time: Jul 03 13:56 CEST
Output:
----------------------------------------------------------
<end of output>
Test time =   0.01 sec
----------------------------------------------------------
Test Passed.
"test_comb_returnt2" end time: Jul 03 13:56 CEST
"test_comb_returnt2" time elapsed: 00:00:00
----------------------------------------------------------

34/81 Testing: test_comb_t3
34/81 Test: test_comb_t3
Command: "/Users/ccpasteur/Documents/work/git/these/exemples/EsteRML/test/run_test" "-k" "good/t3.strl"
Directory: /Users/ccpasteur/Documents/work/git/these/exemples/EsteRML/test
"test_comb_t3" start time: Jul 03 13:56 CEST
Output:
----------------------------------------------------------
<end of output>
Test time =   0.01 sec
----------------------------------------------------------
Test Passed.
"test_comb_t3" end time: Jul 03 13:56 CEST
"test_comb_t3" time elapsed: 00:00:00
----------------------------------------------------------

35/81 Testing: test_comb_nodo_t3
35/81 Test: test_comb_nodo_t3
Command: "/Users/ccpasteur/Documents/work/git/these/exemples/EsteRML/test/run_test" "-kn" "good/t3.strl"
Directory: /Users/ccpasteur/Documents/work/git/these/exemples/EsteRML/test
"test_comb_nodo_t3" start time: Jul 03 13:56 CEST
Output:
----------------------------------------------------------
<end of output>
Test time =   0.01 sec
----------------------------------------------------------
Test Passed.
"test_comb_nodo_t3" end time: Jul 03 13:56 CEST
"test_comb_nodo_t3" time elapsed: 00:00:00
----------------------------------------------------------

36/81 Testing: test_comb_returnt3
36/81 Test: test_comb_returnt3
Command: "/Users/ccpasteur/Documents/work/git/these/exemples/EsteRML/test/run_test" "-kc" "good/t3.strl"
Directory: /Users/ccpasteur/Documents/work/git/these/exemples/EsteRML/test
"test_comb_returnt3" start time: Jul 03 13:56 CEST
Output:
----------------------------------------------------------
<end of output>
Test time =   0.01 sec
----------------------------------------------------------
Test Passed.
"test_comb_returnt3" end time: Jul 03 13:56 CEST
"test_comb_returnt3" time elapsed: 00:00:00
----------------------------------------------------------

37/81 Testing: test_comb_t4
37/81 Test: test_comb_t4
Command: "/Users/ccpasteur/Documents/work/git/these/exemples/EsteRML/test/run_test" "-k" "good/t4.strl"
Directory: /Users/ccpasteur/Documents/work/git/these/exemples/EsteRML/test
"test_comb_t4" start time: Jul 03 13:56 CEST
Output:
----------------------------------------------------------
<end of output>
Test time =   0.01 sec
----------------------------------------------------------
Test Passed.
"test_comb_t4" end time: Jul 03 13:56 CEST
"test_comb_t4" time elapsed: 00:00:00
----------------------------------------------------------

38/81 Testing: test_comb_nodo_t4
38/81 Test: test_comb_nodo_t4
Command: "/Users/ccpasteur/Documents/work/git/these/exemples/EsteRML/test/run_test" "-kn" "good/t4.strl"
Directory: /Users/ccpasteur/Documents/work/git/these/exemples/EsteRML/test
"test_comb_nodo_t4" start time: Jul 03 13:56 CEST
Output:
----------------------------------------------------------
<end of output>
Test time =   0.01 sec
----------------------------------------------------------
Test Passed.
"test_comb_nodo_t4" end time: Jul 03 13:56 CEST
"test_comb_nodo_t4" time elapsed: 00:00:00
----------------------------------------------------------

39/81 Testing: test_comb_returnt4
39/81 Test: test_comb_returnt4
Command: "/Users/ccpasteur/Documents/work/git/these/exemples/EsteRML/test/run_test" "-kc" "good/t4.strl"
Directory: /Users/ccpasteur/Documents/work/git/these/exemples/EsteRML/test
"test_comb_returnt4" start time: Jul 03 13:56 CEST
Output:
----------------------------------------------------------
<end of output>
Test time =   0.01 sec
----------------------------------------------------------
Test Passed.
"test_comb_returnt4" end time: Jul 03 13:56 CEST
"test_comb_returnt4" time elapsed: 00:00:00
----------------------------------------------------------

40/81 Testing: test_comb_t5
40/81 Test: test_comb_t5
Command: "/Users/ccpasteur/Documents/work/git/these/exemples/EsteRML/test/run_test" "-k" "good/t5.strl"
Directory: /Users/ccpasteur/Documents/work/git/these/exemples/EsteRML/test
"test_comb_t5" start time: Jul 03 13:56 CEST
Output:
----------------------------------------------------------
<end of output>
Test time =   0.01 sec
----------------------------------------------------------
Test Passed.
"test_comb_t5" end time: Jul 03 13:56 CEST
"test_comb_t5" time elapsed: 00:00:00
----------------------------------------------------------

41/81 Testing: test_comb_nodo_t5
41/81 Test: test_comb_nodo_t5
Command: "/Users/ccpasteur/Documents/work/git/these/exemples/EsteRML/test/run_test" "-kn" "good/t5.strl"
Directory: /Users/ccpasteur/Documents/work/git/these/exemples/EsteRML/test
"test_comb_nodo_t5" start time: Jul 03 13:56 CEST
Output:
----------------------------------------------------------
<end of output>
Test time =   0.01 sec
----------------------------------------------------------
Test Passed.
"test_comb_nodo_t5" end time: Jul 03 13:56 CEST
"test_comb_nodo_t5" time elapsed: 00:00:00
----------------------------------------------------------

42/81 Testing: test_comb_returnt5
42/81 Test: test_comb_returnt5
Command: "/Users/ccpasteur/Documents/work/git/these/exemples/EsteRML/test/run_test" "-kc" "good/t5.strl"
Directory: /Users/ccpasteur/Documents/work/git/these/exemples/EsteRML/test
"test_comb_returnt5" start time: Jul 03 13:56 CEST
Output:
----------------------------------------------------------
<end of output>
Test time =   0.01 sec
----------------------------------------------------------
Test Passed.
"test_comb_returnt5" end time: Jul 03 13:56 CEST
"test_comb_returnt5" time elapsed: 00:00:00
----------------------------------------------------------

43/81 Testing: test_comb_t6
43/81 Test: test_comb_t6
Command: "/Users/ccpasteur/Documents/work/git/these/exemples/EsteRML/test/run_test" "-k" "good/t6.strl"
Directory: /Users/ccpasteur/Documents/work/git/these/exemples/EsteRML/test
"test_comb_t6" start time: Jul 03 13:56 CEST
Output:
----------------------------------------------------------
<end of output>
Test time =   0.01 sec
----------------------------------------------------------
Test Passed.
"test_comb_t6" end time: Jul 03 13:56 CEST
"test_comb_t6" time elapsed: 00:00:00
----------------------------------------------------------

44/81 Testing: test_comb_nodo_t6
44/81 Test: test_comb_nodo_t6
Command: "/Users/ccpasteur/Documents/work/git/these/exemples/EsteRML/test/run_test" "-kn" "good/t6.strl"
Directory: /Users/ccpasteur/Documents/work/git/these/exemples/EsteRML/test
"test_comb_nodo_t6" start time: Jul 03 13:56 CEST
Output:
----------------------------------------------------------
<end of output>
Test time =   0.01 sec
----------------------------------------------------------
Test Passed.
"test_comb_nodo_t6" end time: Jul 03 13:56 CEST
"test_comb_nodo_t6" time elapsed: 00:00:00
----------------------------------------------------------

45/81 Testing: test_comb_returnt6
45/81 Test: test_comb_returnt6
Command: "/Users/ccpasteur/Documents/work/git/these/exemples/EsteRML/test/run_test" "-kc" "good/t6.strl"
Directory: /Users/ccpasteur/Documents/work/git/these/exemples/EsteRML/test
"test_comb_returnt6" start time: Jul 03 13:56 CEST
Output:
----------------------------------------------------------
<end of output>
Test time =   0.01 sec
----------------------------------------------------------
Test Passed.
"test_comb_returnt6" end time: Jul 03 13:56 CEST
"test_comb_returnt6" time elapsed: 00:00:00
----------------------------------------------------------

46/81 Testing: test_comb_t7
46/81 Test: test_comb_t7
Command: "/Users/ccpasteur/Documents/work/git/these/exemples/EsteRML/test/run_test" "-k" "good/t7.strl"
Directory: /Users/ccpasteur/Documents/work/git/these/exemples/EsteRML/test
"test_comb_t7" start time: Jul 03 13:56 CEST
Output:
----------------------------------------------------------
<end of output>
Test time =   0.01 sec
----------------------------------------------------------
Test Passed.
"test_comb_t7" end time: Jul 03 13:56 CEST
"test_comb_t7" time elapsed: 00:00:00
----------------------------------------------------------

47/81 Testing: test_comb_nodo_t7
47/81 Test: test_comb_nodo_t7
Command: "/Users/ccpasteur/Documents/work/git/these/exemples/EsteRML/test/run_test" "-kn" "good/t7.strl"
Directory: /Users/ccpasteur/Documents/work/git/these/exemples/EsteRML/test
"test_comb_nodo_t7" start time: Jul 03 13:56 CEST
Output:
----------------------------------------------------------
<end of output>
Test time =   0.01 sec
----------------------------------------------------------
Test Passed.
"test_comb_nodo_t7" end time: Jul 03 13:56 CEST
"test_comb_nodo_t7" time elapsed: 00:00:00
----------------------------------------------------------

48/81 Testing: test_comb_returnt7
48/81 Test: test_comb_returnt7
Command: "/Users/ccpasteur/Documents/work/git/these/exemples/EsteRML/test/run_test" "-kc" "good/t7.strl"
Directory: /Users/ccpasteur/Documents/work/git/these/exemples/EsteRML/test
"test_comb_returnt7" start time: Jul 03 13:56 CEST
Output:
----------------------------------------------------------
<end of output>
Test time =   0.01 sec
----------------------------------------------------------
Test Passed.
"test_comb_returnt7" end time: Jul 03 13:56 CEST
"test_comb_returnt7" time elapsed: 00:00:00
----------------------------------------------------------

49/81 Testing: test_comb_t8
49/81 Test: test_comb_t8
Command: "/Users/ccpasteur/Documents/work/git/these/exemples/EsteRML/test/run_test" "-k" "good/t8.strl"
Directory: /Users/ccpasteur/Documents/work/git/these/exemples/EsteRML/test
"test_comb_t8" start time: Jul 03 13:56 CEST
Output:
----------------------------------------------------------
<end of output>
Test time =   0.01 sec
----------------------------------------------------------
Test Passed.
"test_comb_t8" end time: Jul 03 13:56 CEST
"test_comb_t8" time elapsed: 00:00:00
----------------------------------------------------------

50/81 Testing: test_comb_nodo_t8
50/81 Test: test_comb_nodo_t8
Command: "/Users/ccpasteur/Documents/work/git/these/exemples/EsteRML/test/run_test" "-kn" "good/t8.strl"
Directory: /Users/ccpasteur/Documents/work/git/these/exemples/EsteRML/test
"test_comb_nodo_t8" start time: Jul 03 13:56 CEST
Output:
----------------------------------------------------------
<end of output>
Test time =   0.01 sec
----------------------------------------------------------
Test Passed.
"test_comb_nodo_t8" end time: Jul 03 13:56 CEST
"test_comb_nodo_t8" time elapsed: 00:00:00
----------------------------------------------------------

51/81 Testing: test_comb_returnt8
51/81 Test: test_comb_returnt8
Command: "/Users/ccpasteur/Documents/work/git/these/exemples/EsteRML/test/run_test" "-kc" "good/t8.strl"
Directory: /Users/ccpasteur/Documents/work/git/these/exemples/EsteRML/test
"test_comb_returnt8" start time: Jul 03 13:56 CEST
Output:
----------------------------------------------------------
<end of output>
Test time =   0.01 sec
----------------------------------------------------------
Test Passed.
"test_comb_returnt8" end time: Jul 03 13:56 CEST
"test_comb_returnt8" time elapsed: 00:00:00
----------------------------------------------------------

52/81 Testing: test_comb_t9
52/81 Test: test_comb_t9
Command: "/Users/ccpasteur/Documents/work/git/these/exemples/EsteRML/test/run_test" "-k" "good/t9.strl"
Directory: /Users/ccpasteur/Documents/work/git/these/exemples/EsteRML/test
"test_comb_t9" start time: Jul 03 13:56 CEST
Output:
----------------------------------------------------------
<end of output>
Test time =   0.01 sec
----------------------------------------------------------
Test Passed.
"test_comb_t9" end time: Jul 03 13:56 CEST
"test_comb_t9" time elapsed: 00:00:00
----------------------------------------------------------

53/81 Testing: test_comb_nodo_t9
53/81 Test: test_comb_nodo_t9
Command: "/Users/ccpasteur/Documents/work/git/these/exemples/EsteRML/test/run_test" "-kn" "good/t9.strl"
Directory: /Users/ccpasteur/Documents/work/git/these/exemples/EsteRML/test
"test_comb_nodo_t9" start time: Jul 03 13:56 CEST
Output:
----------------------------------------------------------
<end of output>
Test time =   0.01 sec
----------------------------------------------------------
Test Passed.
"test_comb_nodo_t9" end time: Jul 03 13:56 CEST
"test_comb_nodo_t9" time elapsed: 00:00:00
----------------------------------------------------------

54/81 Testing: test_comb_returnt9
54/81 Test: test_comb_returnt9
Command: "/Users/ccpasteur/Documents/work/git/these/exemples/EsteRML/test/run_test" "-kc" "good/t9.strl"
Directory: /Users/ccpasteur/Documents/work/git/these/exemples/EsteRML/test
"test_comb_returnt9" start time: Jul 03 13:56 CEST
Output:
----------------------------------------------------------
<end of output>
Test time =   0.01 sec
----------------------------------------------------------
Test Passed.
"test_comb_returnt9" end time: Jul 03 13:56 CEST
"test_comb_returnt9" time elapsed: 00:00:00
----------------------------------------------------------

55/81 Testing: test_comb_trap1
55/81 Test: test_comb_trap1
Command: "/Users/ccpasteur/Documents/work/git/these/exemples/EsteRML/test/run_test" "-k" "good/trap1.strl"
Directory: /Users/ccpasteur/Documents/work/git/these/exemples/EsteRML/test
"test_comb_trap1" start time: Jul 03 13:56 CEST
Output:
----------------------------------------------------------
Error: An exception occurred: Failure("Unsupported").
Aborting all processes
<end of output>
Test time =   0.01 sec
----------------------------------------------------------
Test Failed.
"test_comb_trap1" end time: Jul 03 13:56 CEST
"test_comb_trap1" time elapsed: 00:00:00
----------------------------------------------------------

56/81 Testing: test_comb_nodo_trap1
56/81 Test: test_comb_nodo_trap1
Command: "/Users/ccpasteur/Documents/work/git/these/exemples/EsteRML/test/run_test" "-kn" "good/trap1.strl"
Directory: /Users/ccpasteur/Documents/work/git/these/exemples/EsteRML/test
"test_comb_nodo_trap1" start time: Jul 03 13:56 CEST
Output:
----------------------------------------------------------
Error: An exception occurred: Failure("Unsupported").
Aborting all processes
<end of output>
Test time =   0.01 sec
----------------------------------------------------------
Test Failed.
"test_comb_nodo_trap1" end time: Jul 03 13:56 CEST
"test_comb_nodo_trap1" time elapsed: 00:00:00
----------------------------------------------------------

57/81 Testing: test_comb_returntrap1
57/81 Test: test_comb_returntrap1
Command: "/Users/ccpasteur/Documents/work/git/these/exemples/EsteRML/test/run_test" "-kc" "good/trap1.strl"
Directory: /Users/ccpasteur/Documents/work/git/these/exemples/EsteRML/test
"test_comb_returntrap1" start time: Jul 03 13:56 CEST
Output:
----------------------------------------------------------
<end of output>
Test time =   0.01 sec
----------------------------------------------------------
Test Passed.
"test_comb_returntrap1" end time: Jul 03 13:56 CEST
"test_comb_returntrap1" time elapsed: 00:00:00
----------------------------------------------------------

58/81 Testing: test_comb_trap2
58/81 Test: test_comb_trap2
Command: "/Users/ccpasteur/Documents/work/git/these/exemples/EsteRML/test/run_test" "-k" "good/trap2.strl"
Directory: /Users/ccpasteur/Documents/work/git/these/exemples/EsteRML/test
"test_comb_trap2" start time: Jul 03 13:56 CEST
Output:
----------------------------------------------------------
Error: An exception occurred: Failure("Unsupported").
Aborting all processes
<end of output>
Test time =   0.01 sec
----------------------------------------------------------
Test Failed.
"test_comb_trap2" end time: Jul 03 13:56 CEST
"test_comb_trap2" time elapsed: 00:00:00
----------------------------------------------------------

59/81 Testing: test_comb_nodo_trap2
59/81 Test: test_comb_nodo_trap2
Command: "/Users/ccpasteur/Documents/work/git/these/exemples/EsteRML/test/run_test" "-kn" "good/trap2.strl"
Directory: /Users/ccpasteur/Documents/work/git/these/exemples/EsteRML/test
"test_comb_nodo_trap2" start time: Jul 03 13:56 CEST
Output:
----------------------------------------------------------
Error: An exception occurred: Failure("Unsupported").
Aborting all processes
<end of output>
Test time =   0.01 sec
----------------------------------------------------------
Test Failed.
"test_comb_nodo_trap2" end time: Jul 03 13:56 CEST
"test_comb_nodo_trap2" time elapsed: 00:00:00
----------------------------------------------------------

60/81 Testing: test_comb_returntrap2
60/81 Test: test_comb_returntrap2
Command: "/Users/ccpasteur/Documents/work/git/these/exemples/EsteRML/test/run_test" "-kc" "good/trap2.strl"
Directory: /Users/ccpasteur/Documents/work/git/these/exemples/EsteRML/test
"test_comb_returntrap2" start time: Jul 03 13:56 CEST
Output:
----------------------------------------------------------
<end of output>
Test time =   0.01 sec
----------------------------------------------------------
Test Passed.
"test_comb_returntrap2" end time: Jul 03 13:56 CEST
"test_comb_returntrap2" time elapsed: 00:00:00
----------------------------------------------------------

61/81 Testing: test_comb_trap3
61/81 Test: test_comb_trap3
Command: "/Users/ccpasteur/Documents/work/git/these/exemples/EsteRML/test/run_test" "-k" "good/trap3.strl"
Directory: /Users/ccpasteur/Documents/work/git/these/exemples/EsteRML/test
"test_comb_trap3" start time: Jul 03 13:56 CEST
Output:
----------------------------------------------------------
Error: An exception occurred: Failure("Unsupported").
Aborting all processes
<end of output>
Test time =   0.01 sec
----------------------------------------------------------
Test Failed.
"test_comb_trap3" end time: Jul 03 13:56 CEST
"test_comb_trap3" time elapsed: 00:00:00
----------------------------------------------------------

62/81 Testing: test_comb_nodo_trap3
62/81 Test: test_comb_nodo_trap3
Command: "/Users/ccpasteur/Documents/work/git/these/exemples/EsteRML/test/run_test" "-kn" "good/trap3.strl"
Directory: /Users/ccpasteur/Documents/work/git/these/exemples/EsteRML/test
"test_comb_nodo_trap3" start time: Jul 03 13:56 CEST
Output:
----------------------------------------------------------
Error: An exception occurred: Failure("Unsupported").
Aborting all processes
<end of output>
Test time =   0.01 sec
----------------------------------------------------------
Test Failed.
"test_comb_nodo_trap3" end time: Jul 03 13:56 CEST
"test_comb_nodo_trap3" time elapsed: 00:00:00
----------------------------------------------------------

63/81 Testing: test_comb_returntrap3
63/81 Test: test_comb_returntrap3
Command: "/Users/ccpasteur/Documents/work/git/these/exemples/EsteRML/test/run_test" "-kc" "good/trap3.strl"
Directory: /Users/ccpasteur/Documents/work/git/these/exemples/EsteRML/test
"test_comb_returntrap3" start time: Jul 03 13:56 CEST
Output:
----------------------------------------------------------
<end of output>
Test time =   0.01 sec
----------------------------------------------------------
Test Passed.
"test_comb_returntrap3" end time: Jul 03 13:56 CEST
"test_comb_returntrap3" time elapsed: 00:00:00
----------------------------------------------------------

64/81 Testing: bad_comb_bad1
64/81 Test: bad_comb_bad1
Command: "/Users/ccpasteur/Documents/work/git/these/exemples/EsteRML/test/run_bad" "-k" "bad/bad1.strl"
Directory: /Users/ccpasteur/Documents/work/git/these/exemples/EsteRML/test
"bad_comb_bad1" start time: Jul 03 13:56 CEST
Output:
----------------------------------------------------------
Program is not causal
<end of output>
Test time =   1.01 sec
----------------------------------------------------------
Test Passed.
"bad_comb_bad1" end time: Jul 03 13:56 CEST
"bad_comb_bad1" time elapsed: 00:00:01
----------------------------------------------------------

65/81 Testing: bad_comb_nodo_bad1
65/81 Test: bad_comb_nodo_bad1
Command: "/Users/ccpasteur/Documents/work/git/these/exemples/EsteRML/test/run_bad" "-kn" "bad/bad1.strl"
Directory: /Users/ccpasteur/Documents/work/git/these/exemples/EsteRML/test
"bad_comb_nodo_bad1" start time: Jul 03 13:56 CEST
Output:
----------------------------------------------------------
Program is not causal
<end of output>
Test time =   1.01 sec
----------------------------------------------------------
Test Passed.
"bad_comb_nodo_bad1" end time: Jul 03 13:56 CEST
"bad_comb_nodo_bad1" time elapsed: 00:00:01
----------------------------------------------------------

66/81 Testing: bad_comb_return_bad1
66/81 Test: bad_comb_return_bad1
Command: "/Users/ccpasteur/Documents/work/git/these/exemples/EsteRML/test/run_bad" "-kc" "bad/bad1.strl"
Directory: /Users/ccpasteur/Documents/work/git/these/exemples/EsteRML/test
"bad_comb_return_bad1" start time: Jul 03 13:56 CEST
Output:
----------------------------------------------------------
Program is not causal
<end of output>
Test time =   1.01 sec
----------------------------------------------------------
Test Passed.
"bad_comb_return_bad1" end time: Jul 03 13:56 CEST
"bad_comb_return_bad1" time elapsed: 00:00:01
----------------------------------------------------------

67/81 Testing: bad_comb_bad2
67/81 Test: bad_comb_bad2
Command: "/Users/ccpasteur/Documents/work/git/these/exemples/EsteRML/test/run_bad" "-k" "bad/bad2.strl"
Directory: /Users/ccpasteur/Documents/work/git/these/exemples/EsteRML/test
"bad_comb_bad2" start time: Jul 03 13:56 CEST
Output:
----------------------------------------------------------
Program is not causal
<end of output>
Test time =   1.01 sec
----------------------------------------------------------
Test Passed.
"bad_comb_bad2" end time: Jul 03 13:56 CEST
"bad_comb_bad2" time elapsed: 00:00:01
----------------------------------------------------------

68/81 Testing: bad_comb_nodo_bad2
68/81 Test: bad_comb_nodo_bad2
Command: "/Users/ccpasteur/Documents/work/git/these/exemples/EsteRML/test/run_bad" "-kn" "bad/bad2.strl"
Directory: /Users/ccpasteur/Documents/work/git/these/exemples/EsteRML/test
"bad_comb_nodo_bad2" start time: Jul 03 13:56 CEST
Output:
----------------------------------------------------------
Program is not causal
<end of output>
Test time =   1.01 sec
----------------------------------------------------------
Test Passed.
"bad_comb_nodo_bad2" end time: Jul 03 13:56 CEST
"bad_comb_nodo_bad2" time elapsed: 00:00:01
----------------------------------------------------------

69/81 Testing: bad_comb_return_bad2
69/81 Test: bad_comb_return_bad2
Command: "/Users/ccpasteur/Documents/work/git/these/exemples/EsteRML/test/run_bad" "-kc" "bad/bad2.strl"
Directory: /Users/ccpasteur/Documents/work/git/these/exemples/EsteRML/test
"bad_comb_return_bad2" start time: Jul 03 13:56 CEST
Output:
----------------------------------------------------------
Program is not causal
<end of output>
Test time =   1.01 sec
----------------------------------------------------------
Test Passed.
"bad_comb_return_bad2" end time: Jul 03 13:56 CEST
"bad_comb_return_bad2" time elapsed: 00:00:01
----------------------------------------------------------

70/81 Testing: bad_comb_bad3
70/81 Test: bad_comb_bad3
Command: "/Users/ccpasteur/Documents/work/git/these/exemples/EsteRML/test/run_bad" "-k" "bad/bad3.strl"
Directory: /Users/ccpasteur/Documents/work/git/these/exemples/EsteRML/test
"bad_comb_bad3" start time: Jul 03 13:56 CEST
Output:
----------------------------------------------------------
Program is not causal
<end of output>
Test time =   1.01 sec
----------------------------------------------------------
Test Passed.
"bad_comb_bad3" end time: Jul 03 13:56 CEST
"bad_comb_bad3" time elapsed: 00:00:01
----------------------------------------------------------

71/81 Testing: bad_comb_nodo_bad3
71/81 Test: bad_comb_nodo_bad3
Command: "/Users/ccpasteur/Documents/work/git/these/exemples/EsteRML/test/run_bad" "-kn" "bad/bad3.strl"
Directory: /Users/ccpasteur/Documents/work/git/these/exemples/EsteRML/test
"bad_comb_nodo_bad3" start time: Jul 03 13:56 CEST
Output:
----------------------------------------------------------
Program is not causal
<end of output>
Test time =   1.01 sec
----------------------------------------------------------
Test Passed.
"bad_comb_nodo_bad3" end time: Jul 03 13:56 CEST
"bad_comb_nodo_bad3" time elapsed: 00:00:01
----------------------------------------------------------

72/81 Testing: bad_comb_return_bad3
72/81 Test: bad_comb_return_bad3
Command: "/Users/ccpasteur/Documents/work/git/these/exemples/EsteRML/test/run_bad" "-kc" "bad/bad3.strl"
Directory: /Users/ccpasteur/Documents/work/git/these/exemples/EsteRML/test
"bad_comb_return_bad3" start time: Jul 03 13:56 CEST
Output:
----------------------------------------------------------
Program is not causal
<end of output>
Test time =   1.01 sec
----------------------------------------------------------
Test Passed.
"bad_comb_return_bad3" end time: Jul 03 13:56 CEST
"bad_comb_return_bad3" time elapsed: 00:00:01
----------------------------------------------------------

73/81 Testing: bad_comb_berry1
73/81 Test: bad_comb_berry1
Command: "/Users/ccpasteur/Documents/work/git/these/exemples/EsteRML/test/run_bad" "-k" "bad/berry1.strl"
Directory: /Users/ccpasteur/Documents/work/git/these/exemples/EsteRML/test
"bad_comb_berry1" start time: Jul 03 13:56 CEST
Output:
----------------------------------------------------------
Program is not causal
<end of output>
Test time =   1.01 sec
----------------------------------------------------------
Test Passed.
"bad_comb_berry1" end time: Jul 03 13:56 CEST
"bad_comb_berry1" time elapsed: 00:00:01
----------------------------------------------------------

74/81 Testing: bad_comb_nodo_berry1
74/81 Test: bad_comb_nodo_berry1
Command: "/Users/ccpasteur/Documents/work/git/these/exemples/EsteRML/test/run_bad" "-kn" "bad/berry1.strl"
Directory: /Users/ccpasteur/Documents/work/git/these/exemples/EsteRML/test
"bad_comb_nodo_berry1" start time: Jul 03 13:56 CEST
Output:
----------------------------------------------------------
Program is not causal
<end of output>
Test time =   1.01 sec
----------------------------------------------------------
Test Passed.
"bad_comb_nodo_berry1" end time: Jul 03 13:56 CEST
"bad_comb_nodo_berry1" time elapsed: 00:00:01
----------------------------------------------------------

75/81 Testing: bad_comb_return_berry1
75/81 Test: bad_comb_return_berry1
Command: "/Users/ccpasteur/Documents/work/git/these/exemples/EsteRML/test/run_bad" "-kc" "bad/berry1.strl"
Directory: /Users/ccpasteur/Documents/work/git/these/exemples/EsteRML/test
"bad_comb_return_berry1" start time: Jul 03 13:56 CEST
Output:
----------------------------------------------------------
Program is not causal
<end of output>
Test time =   1.01 sec
----------------------------------------------------------
Test Passed.
"bad_comb_return_berry1" end time: Jul 03 13:56 CEST
"bad_comb_return_berry1" time elapsed: 00:00:01
----------------------------------------------------------

76/81 Testing: bad_comb_berry2
76/81 Test: bad_comb_berry2
Command: "/Users/ccpasteur/Documents/work/git/these/exemples/EsteRML/test/run_bad" "-k" "bad/berry2.strl"
Directory: /Users/ccpasteur/Documents/work/git/these/exemples/EsteRML/test
"bad_comb_berry2" start time: Jul 03 13:56 CEST
Output:
----------------------------------------------------------
Program is not causal
<end of output>
Test time =   1.01 sec
----------------------------------------------------------
Test Passed.
"bad_comb_berry2" end time: Jul 03 13:56 CEST
"bad_comb_berry2" time elapsed: 00:00:01
----------------------------------------------------------

77/81 Testing: bad_comb_nodo_berry2
77/81 Test: bad_comb_nodo_berry2
Command: "/Users/ccpasteur/Documents/work/git/these/exemples/EsteRML/test/run_bad" "-kn" "bad/berry2.strl"
Directory: /Users/ccpasteur/Documents/work/git/these/exemples/EsteRML/test
"bad_comb_nodo_berry2" start time: Jul 03 13:56 CEST
Output:
----------------------------------------------------------
Program is not causal
<end of output>
Test time =   1.01 sec
----------------------------------------------------------
Test Passed.
"bad_comb_nodo_berry2" end time: Jul 03 13:56 CEST
"bad_comb_nodo_berry2" time elapsed: 00:00:01
----------------------------------------------------------

78/81 Testing: bad_comb_return_berry2
78/81 Test: bad_comb_return_berry2
Command: "/Users/ccpasteur/Documents/work/git/these/exemples/EsteRML/test/run_bad" "-kc" "bad/berry2.strl"
Directory: /Users/ccpasteur/Documents/work/git/these/exemples/EsteRML/test
"bad_comb_return_berry2" start time: Jul 03 13:56 CEST
Output:
----------------------------------------------------------
Program is not causal
<end of output>
Test time =   1.01 sec
----------------------------------------------------------
Test Passed.
"bad_comb_return_berry2" end time: Jul 03 13:56 CEST
"bad_comb_return_berry2" time elapsed: 00:00:01
----------------------------------------------------------

79/81 Testing: bad_comb_loop4
79/81 Test: bad_comb_loop4
Command: "/Users/ccpasteur/Documents/work/git/these/exemples/EsteRML/test/run_bad" "-k" "bad/loop4.strl"
Directory: /Users/ccpasteur/Documents/work/git/these/exemples/EsteRML/test
"bad_comb_loop4" start time: Jul 03 13:56 CEST
Output:
----------------------------------------------------------
Program is not causal
<end of output>
Test time =   1.01 sec
----------------------------------------------------------
Test Passed.
"bad_comb_loop4" end time: Jul 03 13:56 CEST
"bad_comb_loop4" time elapsed: 00:00:01
----------------------------------------------------------

80/81 Testing: bad_comb_nodo_loop4
80/81 Test: bad_comb_nodo_loop4
Command: "/Users/ccpasteur/Documents/work/git/these/exemples/EsteRML/test/run_bad" "-kn" "bad/loop4.strl"
Directory: /Users/ccpasteur/Documents/work/git/these/exemples/EsteRML/test
"bad_comb_nodo_loop4" start time: Jul 03 13:56 CEST
Output:
----------------------------------------------------------
Program is not causal
<end of output>
Test time =   1.01 sec
----------------------------------------------------------
Test Passed.
"bad_comb_nodo_loop4" end time: Jul 03 13:56 CEST
"bad_comb_nodo_loop4" time elapsed: 00:00:01
----------------------------------------------------------

81/81 Testing: bad_comb_return_loop4
81/81 Test: bad_comb_return_loop4
Command: "/Users/ccpasteur/Documents/work/git/these/exemples/EsteRML/test/run_bad" "-kc" "bad/loop4.strl"
Directory: /Users/ccpasteur/Documents/work/git/these/exemples/EsteRML/test
"bad_comb_return_loop4" start time: Jul 03 13:56 CEST
Output:
----------------------------------------------------------
Program is not causal
<end of output>
Test time =   1.01 sec
----------------------------------------------------------
Test Passed.
"bad_comb_return_loop4" end time: Jul 03 13:56 CEST
"bad_comb_return_loop4" time elapsed: 00:00:01
----------------------------------------------------------

End testing: Jul 03 13:56 CEST
